<?xml version="1.0" encoding="UTF-8"?>
<!-- Generated by org.testng.reporters.JUnitReportReporter -->
<testsuite skipped="0" hostname="LAPTOP-JEI8AS0O" name="testcases.Functional2" tests="4" failures="0" timestamp="20 Oct 2019 19:46:18 GMT" time="0.005" errors="0">
  <testcase name="func1" time="0.000" classname="testcases.Functional2"/>
  <testcase name="func3" time="0.002" classname="testcases.Functional2"/>
  <testcase name="func2" time="0.000" classname="testcases.Functional2"/>
  <testcase name="func1" time="0.003" classname="testcases.Functional2"/>
</testsuite> <!-- testcases.Functional2 -->
