<?xml version="1.0" encoding="UTF-8"?>
<!-- Generated by org.testng.reporters.JUnitReportReporter -->
<testsuite skipped="0" hostname="LAPTOP-JEI8AS0O" name="testcases.Functional" tests="4" failures="0" timestamp="20 Oct 2019 19:46:18 GMT" time="0.007" errors="0">
  <testcase name="func2" time="0.000" classname="testcases.Functional"/>
  <testcase name="func1" time="0.005" classname="testcases.Functional"/>
  <testcase name="func3" time="0.001" classname="testcases.Functional"/>
  <testcase name="func1" time="0.001" classname="testcases.Functional"/>
</testsuite> <!-- testcases.Functional -->
